[2025-06-19 13:25:15] [INFO ] type.wrapper()                : [RETURN] ExitCommand.__init__ → None
[2025-06-19 13:25:15] [INFO ] type.wrapper()                : [CALL] ExitCommand.run(self=<src.commands.exit.ExitCommand object at 0x000001E7890778C0>)
[2025-06-19 13:25:15] [INFO ] _CustomLogger.patched_print() : [EXIT]
[2025-06-19 13:25:15] [INFO ] type.wrapper()                : [RETURN] ExitCommand.run → None
[2025-06-19 13:57:30] [INFO ] type.wrapper()                : [CALL] HelpCommand.__init__(self=<src.commands.help.HelpCommand object at 0x0000019C70547B60>, args=(<src.ssd_driver.SSDDriver object at 0x0000019C705D4910>,), kwargs={})
[2025-06-19 13:57:30] [INFO ] type.wrapper()                : [RETURN] HelpCommand.__init__ → None
[2025-06-19 13:57:30] [INFO ] type.wrapper()                : [CALL] HelpCommand.run(self=<src.commands.help.HelpCommand object at 0x0000019C70547B60>)
[2025-06-19 13:57:30] [INFO ] _CustomLogger.patched_print() : 
▶ 1_FullWriteAndReadCompare
[2025-06-19 13:57:30] [INFO ] _CustomLogger.patched_print() :   - Description : Execute test scenario: Full Write & Read Compare
[2025-06-19 13:57:30] [INFO ] _CustomLogger.patched_print() :   - Usage       : '1_FullWriteAndReadCompare' or '1_'
[2025-06-19 13:57:30] [INFO ] _CustomLogger.patched_print() :   - Author      : [C-team (Clean Commit)] Woosung Ji
[2025-06-19 13:57:30] [INFO ] _CustomLogger.patched_print() :   - Alias       : 1_
[2025-06-19 13:57:30] [INFO ] _CustomLogger.patched_print() : 
▶ 2_PartialLBAWrite
[2025-06-19 13:57:30] [INFO ] _CustomLogger.patched_print() :   - Description : Execute test scenario: Partial LBA Write
[2025-06-19 13:57:30] [INFO ] _CustomLogger.patched_print() :   - Usage       : '2_PartialLBAWrite' or '2_'
[2025-06-19 13:57:30] [INFO ] _CustomLogger.patched_print() :   - Author      : [C-team (Clean Commit)] Songhwa Jeong
[2025-06-19 13:57:30] [INFO ] _CustomLogger.patched_print() :   - Alias       : 2_
[2025-06-19 13:57:30] [INFO ] _CustomLogger.patched_print() : 
▶ 3_WriteReadAging
[2025-06-19 13:57:30] [INFO ] _CustomLogger.patched_print() :   - Description : Execute test scenario: Write Read Aging
[2025-06-19 13:57:30] [INFO ] _CustomLogger.patched_print() :   - Usage       : '3_WriteReadAging' or '3_'
[2025-06-19 13:57:30] [INFO ] _CustomLogger.patched_print() :   - Author      : [C-team (Clean Commit)] Woosung Ji
[2025-06-19 13:57:30] [INFO ] _CustomLogger.patched_print() :   - Alias       : 3_
[2025-06-19 13:57:30] [INFO ] _CustomLogger.patched_print() : 
▶ exit
[2025-06-19 13:57:30] [INFO ] _CustomLogger.patched_print() :   - Description : Exit the shell.
[2025-06-19 13:57:30] [INFO ] _CustomLogger.patched_print() :   - Usage       : exit
[2025-06-19 13:57:30] [INFO ] _CustomLogger.patched_print() :   - Author      : [C-team (Clean Commit)] Songju Na
[2025-06-19 13:57:30] [INFO ] _CustomLogger.patched_print() :   - Alias       : quit, q
[2025-06-19 13:57:30] [INFO ] _CustomLogger.patched_print() : 
▶ fullread
[2025-06-19 13:57:30] [INFO ] _CustomLogger.patched_print() :   - Description : read value all of LBAs
[2025-06-19 13:57:30] [INFO ] _CustomLogger.patched_print() :   - Usage       : fullread
[2025-06-19 13:57:30] [INFO ] _CustomLogger.patched_print() :   - Author      : [C-team (Clean Commit)] Gunam Kwon
[2025-06-19 13:57:30] [INFO ] _CustomLogger.patched_print() : 
▶ fullwrite
[2025-06-19 13:57:30] [INFO ] _CustomLogger.patched_print() :   - Description : write value to all of LBAs
[2025-06-19 13:57:30] [INFO ] _CustomLogger.patched_print() :   - Usage       : fullwrite <value: hex32bit, e.g. 0x12345678>
[2025-06-19 13:57:30] [INFO ] _CustomLogger.patched_print() :   - Author      : [C-team (Clean Commit)] Gunam Kwon
[2025-06-19 13:57:30] [INFO ] _CustomLogger.patched_print() : 
▶ help
[2025-06-19 13:57:30] [INFO ] _CustomLogger.patched_print() :   - Description : Show list of available commands.
[2025-06-19 13:57:30] [INFO ] _CustomLogger.patched_print() :   - Usage       : help
[2025-06-19 13:57:30] [INFO ] _CustomLogger.patched_print() :   - Author      : [C-team (Clean Commit)] Songju Na
[2025-06-19 13:57:30] [INFO ] _CustomLogger.patched_print() :   - Alias       : h
[2025-06-19 13:57:30] [INFO ] _CustomLogger.patched_print() : 
▶ read
[2025-06-19 13:57:30] [INFO ] _CustomLogger.patched_print() :   - Description : read value from LBA
[2025-06-19 13:57:30] [INFO ] _CustomLogger.patched_print() :   - Usage       : read <LBA: int [0-99]>
[2025-06-19 13:57:30] [INFO ] _CustomLogger.patched_print() :   - Author      : [C-team (Clean Commit)] Gunam Kwon
[2025-06-19 13:57:30] [INFO ] _CustomLogger.patched_print() : 
▶ write
[2025-06-19 13:57:30] [INFO ] _CustomLogger.patched_print() :   - Description : write value to LBA
[2025-06-19 13:57:30] [INFO ] _CustomLogger.patched_print() :   - Usage       : write <LBA: int [0-99]> <value: hex32bit, e.g. 0x12345678>
[2025-06-19 13:57:30] [INFO ] _CustomLogger.patched_print() :   - Author      : [C-team (Clean Commit)] Gunam Kwon
[2025-06-19 13:57:30] [INFO ] type.wrapper()                : [RETURN] HelpCommand.run → None
[2025-06-19 13:57:32] [INFO ] type.wrapper()                : [CALL] ExitCommand.__init__(self=<src.commands.exit.ExitCommand object at 0x0000019C70547B60>, args=(<src.ssd_driver.SSDDriver object at 0x0000019C705D4910>,), kwargs={})
[2025-06-19 13:57:32] [INFO ] type.wrapper()                : [RETURN] ExitCommand.__init__ → None
[2025-06-19 13:57:32] [INFO ] type.wrapper()                : [CALL] ExitCommand.run(self=<src.commands.exit.ExitCommand object at 0x0000019C70547B60>)
[2025-06-19 13:57:32] [INFO ] _CustomLogger.patched_print() : [EXIT]
[2025-06-19 13:57:32] [INFO ] type.wrapper()                : [RETURN] ExitCommand.run → None
